<?xml version="1.0" encoding="UTF-8"?>
<!-- Generated by org.testng.reporters.JUnitReportReporter -->
<testsuite hostname="LAPTOP-5FNDLE98" failures="0" tests="12" name="com.selenium.testbuild.testCases" time="58.957" errors="0" timestamp="2021-10-04T07:49:54 IST" skipped="0">
  <testcase classname="com.selenium.testbuild.testCases" name="aaavalidateHomePage" time="0.033"/>
  <system-out/>
  <testcase classname="com.selenium.testbuild.testCases" name="popup" time="10.515"/>
  <system-out/>
  <testcase classname="com.selenium.testbuild.testCases" name="bbbvalidateBookshelvesPage" time="3.053"/>
  <system-out/>
  <testcase classname="com.selenium.testbuild.testCases" name="bookshelves" time="1.751"/>
  <system-out/>
  <testcase classname="com.selenium.testbuild.testCases" name="storage" time="1.029"/>
  <system-out/>
  <testcase classname="com.selenium.testbuild.testCases" name="slider" time="7.662"/>
  <system-out/>
  <testcase classname="com.selenium.testbuild.testCases" name="checkbox" time="2.549"/>
  <system-out/>
  <testcase classname="com.selenium.testbuild.testCases" name="printItems" time="0.999"/>
  <system-out/>
  <testcase classname="com.selenium.testbuild.testCases" name="collections" time="1.132"/>
  <system-out/>
  <testcase classname="com.selenium.testbuild.testCases" name="printSubmenu" time="0.363"/>
  <system-out/>
  <testcase classname="com.selenium.testbuild.testCases" name="validateGiftCardPage" time="1.547"/>
  <system-out/>
  <testcase classname="com.selenium.testbuild.testCases" name="giftCard" time="28.324"/>
  <system-out/>
</testsuite> <!-- com.selenium.testbuild.testCases -->
